Time: 2025-03-14T21:06:07+09:00, Status: running
---Container is running or sleeping---Health Status: starting, FailingStreak: 0
Time: 2025-03-14T21:06:08+09:00, Status: running
---Container is running or sleeping---Health Status: healthy, FailingStreak: 0
Log - Start: 2025-03-14T21:06:07.175139355+09:00, End: 2025-03-14T21:06:07.355663698+09:00, ExitCode: 0, Output: [conmon:d]: exec with attach is waiting for start message from parent
[conmon:d]: exec with attach got start message from parent
Time: 2025-03-14T21:06:09+09:00, Status: running
---Container is running or sleeping---Health Status: healthy, FailingStreak: 0
Log - Start: 2025-03-14T21:06:07.175139355+09:00, End: 2025-03-14T21:06:07.355663698+09:00, ExitCode: 0, Output: [conmon:d]: exec with attach is waiting for start message from parent
[conmon:d]: exec with attach got start message from parent
Log - Start: 2025-03-14T21:06:08.70385578+09:00, End: 2025-03-14T21:06:08.85276071+09:00, ExitCode: 0, Output: [conmon:d]: exec with attach is waiting for start message from parent
[conmon:d]: exec with attach got start message from parent
Time: 2025-03-14T21:06:10+09:00, Status: running
---Container is running or sleeping---Health Status: healthy, FailingStreak: 0
Log - Start: 2025-03-14T21:06:07.175139355+09:00, End: 2025-03-14T21:06:07.355663698+09:00, ExitCode: 0, Output: [conmon:d]: exec with attach is waiting for start message from parent
[conmon:d]: exec with attach got start message from parent
Log - Start: 2025-03-14T21:06:08.70385578+09:00, End: 2025-03-14T21:06:08.85276071+09:00, ExitCode: 0, Output: [conmon:d]: exec with attach is waiting for start message from parent
[conmon:d]: exec with attach got start message from parent
Time: 2025-03-14T21:06:11+09:00, Status: running
---Container is running or sleeping---Health Status: healthy, FailingStreak: 0
Log - Start: 2025-03-14T21:06:07.175139355+09:00, End: 2025-03-14T21:06:07.355663698+09:00, ExitCode: 0, Output: [conmon:d]: exec with attach is waiting for start message from parent
[conmon:d]: exec with attach got start message from parent
Log - Start: 2025-03-14T21:06:08.70385578+09:00, End: 2025-03-14T21:06:08.85276071+09:00, ExitCode: 0, Output: [conmon:d]: exec with attach is waiting for start message from parent
[conmon:d]: exec with attach got start message from parent
Log - Start: 2025-03-14T21:06:10.746043222+09:00, End: 2025-03-14T21:06:10.980542404+09:00, ExitCode: 0, Output: [conmon:d]: exec with attach is waiting for start message from parent
[conmon:d]: exec with attach got start message from parent
Time: 2025-03-14T21:06:12+09:00, Status: running
---Container is running or sleeping---Health Status: healthy, FailingStreak: 0
Log - Start: 2025-03-14T21:06:07.175139355+09:00, End: 2025-03-14T21:06:07.355663698+09:00, ExitCode: 0, Output: [conmon:d]: exec with attach is waiting for start message from parent
[conmon:d]: exec with attach got start message from parent
Log - Start: 2025-03-14T21:06:08.70385578+09:00, End: 2025-03-14T21:06:08.85276071+09:00, ExitCode: 0, Output: [conmon:d]: exec with attach is waiting for start message from parent
[conmon:d]: exec with attach got start message from parent
Log - Start: 2025-03-14T21:06:10.746043222+09:00, End: 2025-03-14T21:06:10.980542404+09:00, ExitCode: 0, Output: [conmon:d]: exec with attach is waiting for start message from parent
[conmon:d]: exec with attach got start message from parent
Time: 2025-03-14T21:06:13+09:00, Status: running
---Container is running or sleeping---Health Status: healthy, FailingStreak: 0
Log - Start: 2025-03-14T21:06:07.175139355+09:00, End: 2025-03-14T21:06:07.355663698+09:00, ExitCode: 0, Output: [conmon:d]: exec with attach is waiting for start message from parent
[conmon:d]: exec with attach got start message from parent
Log - Start: 2025-03-14T21:06:08.70385578+09:00, End: 2025-03-14T21:06:08.85276071+09:00, ExitCode: 0, Output: [conmon:d]: exec with attach is waiting for start message from parent
[conmon:d]: exec with attach got start message from parent
Log - Start: 2025-03-14T21:06:10.746043222+09:00, End: 2025-03-14T21:06:10.980542404+09:00, ExitCode: 0, Output: [conmon:d]: exec with attach is waiting for start message from parent
[conmon:d]: exec with attach got start message from parent
Log - Start: 2025-03-14T21:06:12.725718507+09:00, End: 2025-03-14T21:06:12.99542381+09:00, ExitCode: 0, Output: [conmon:d]: exec with attach is waiting for start message from parent
[conmon:d]: exec with attach got start message from parent
Time: 2025-03-14T21:06:14+09:00, Status: running
---Container is running or sleeping---Health Status: healthy, FailingStreak: 0
Log - Start: 2025-03-14T21:06:07.175139355+09:00, End: 2025-03-14T21:06:07.355663698+09:00, ExitCode: 0, Output: [conmon:d]: exec with attach is waiting for start message from parent
[conmon:d]: exec with attach got start message from parent
Log - Start: 2025-03-14T21:06:08.70385578+09:00, End: 2025-03-14T21:06:08.85276071+09:00, ExitCode: 0, Output: [conmon:d]: exec with attach is waiting for start message from parent
[conmon:d]: exec with attach got start message from parent
Log - Start: 2025-03-14T21:06:10.746043222+09:00, End: 2025-03-14T21:06:10.980542404+09:00, ExitCode: 0, Output: [conmon:d]: exec with attach is waiting for start message from parent
[conmon:d]: exec with attach got start message from parent
Log - Start: 2025-03-14T21:06:12.725718507+09:00, End: 2025-03-14T21:06:12.99542381+09:00, ExitCode: 0, Output: [conmon:d]: exec with attach is waiting for start message from parent
[conmon:d]: exec with attach got start message from parent
